<?xml version="1.0" encoding="UTF-8"?>
<!-- Generated by org.testng.reporters.JUnitReportReporter -->
<testsuite hostname="DESKTOP-FBNAVJ9" failures="0" tests="1" name="com.invicta.qa.testcases.sbu.SupplierCategorypagination" time="46.385" errors="0" timestamp="23 Feb 2023 15:07:51 GMT" skipped="0">
  <testcase classname="com.invicta.qa.testcases.sbu.SupplierCategorypagination" name="supplierCategory" time="46.385"/>
</testsuite> <!-- com.invicta.qa.testcases.sbu.SupplierCategorypagination -->
