<?xml version="1.0" encoding="UTF-8"?>
<!-- Generated by org.testng.reporters.JUnitReportReporter -->
<testsuite hostname="DESKTOP-FBNAVJ9" failures="0" tests="1" name="com.invicta.qa.testcases.sbu.FinaleditPlant" time="26.039" errors="0" timestamp="26 Feb 2023 08:10:10 GMT" skipped="0">
  <testcase classname="com.invicta.qa.testcases.sbu.FinaleditPlant" name="login" time="26.039"/>
</testsuite> <!-- com.invicta.qa.testcases.sbu.FinaleditPlant -->
