<?xml version="1.0" encoding="UTF-8"?>
<!-- Generated by org.testng.reporters.JUnitReportReporter -->
<testsuite hostname="DESKTOP-FBNAVJ9" failures="0" tests="1" name="com.invicta.qa.testcases.sbu.EditPlant" time="32.714" errors="0" timestamp="23 Feb 2023 09:52:42 GMT" skipped="0">
  <testcase classname="com.invicta.qa.testcases.sbu.EditPlant" name="clickeditplant" time="32.714"/>
</testsuite> <!-- com.invicta.qa.testcases.sbu.EditPlant -->
