<?xml version="1.0" encoding="UTF-8"?>
<!-- Generated by org.testng.reporters.JUnitReportReporter -->
<testsuite hostname="DESKTOP-FBNAVJ9" failures="0" tests="1" name="com.invicta.qa.testcases.sbu.TestLogic" time="26.383" errors="0" timestamp="26 Feb 2023 07:23:21 GMT" skipped="0">
  <testcase classname="com.invicta.qa.testcases.sbu.TestLogic" name="login" time="26.383"/>
</testsuite> <!-- com.invicta.qa.testcases.sbu.TestLogic -->
