<?xml version="1.0" encoding="UTF-8"?>
<!-- Generated by org.testng.reporters.JUnitReportReporter -->
<testsuite hostname="DESKTOP-FBNAVJ9" failures="0" tests="8" name="com.invicta.qa.testcases.sbu.Plantwisepagination" time="50.427" errors="0" timestamp="23 Feb 2023 10:48:03 GMT" skipped="0">
  <testcase classname="com.invicta.qa.testcases.sbu.Plantwisepagination" name="UnitPagination" time="13.314"/>
  <testcase classname="com.invicta.qa.testcases.sbu.Plantwisepagination" name="DefaultIndexPage" time="2.143"/>
  <testcase classname="com.invicta.qa.testcases.sbu.Plantwisepagination" name="RefreshDefaultPage" time="23.318"/>
  <testcase classname="com.invicta.qa.testcases.sbu.Plantwisepagination" name="PageRedrict" time="2.125"/>
  <testcase classname="com.invicta.qa.testcases.sbu.Plantwisepagination" name="PreButtonDispaly" time="0.043"/>
  <testcase classname="com.invicta.qa.testcases.sbu.Plantwisepagination" name="NextButtonDispaly" time="0.042"/>
  <testcase classname="com.invicta.qa.testcases.sbu.Plantwisepagination" name="NextButtonEanble" time="4.694"/>
  <testcase classname="com.invicta.qa.testcases.sbu.Plantwisepagination" name="AfterMovetoSecPagepreButEnable" time="4.748"/>
</testsuite> <!-- com.invicta.qa.testcases.sbu.Plantwisepagination -->
