<?xml version="1.0" encoding="UTF-8"?>
<!-- Generated by org.testng.reporters.JUnitReportReporter -->
<testsuite hostname="DESKTOP-FBNAVJ9" failures="0" tests="8" name="com.invicta.qa.testcases.sbu.Plantwisepagination" time="51.582" errors="0" timestamp="23 Feb 2023 15:01:41 GMT" skipped="0">
  <testcase classname="com.invicta.qa.testcases.sbu.Plantwisepagination" name="UnitPagination" time="13.639"/>
  <testcase classname="com.invicta.qa.testcases.sbu.Plantwisepagination" name="DefaultIndexPage" time="2.160"/>
  <testcase classname="com.invicta.qa.testcases.sbu.Plantwisepagination" name="RefreshDefaultPage" time="23.542"/>
  <testcase classname="com.invicta.qa.testcases.sbu.Plantwisepagination" name="PageRedrict" time="2.208"/>
  <testcase classname="com.invicta.qa.testcases.sbu.Plantwisepagination" name="PreButtonDispaly" time="0.066"/>
  <testcase classname="com.invicta.qa.testcases.sbu.Plantwisepagination" name="NextButtonDispaly" time="0.051"/>
  <testcase classname="com.invicta.qa.testcases.sbu.Plantwisepagination" name="NextButtonEanble" time="4.912"/>
  <testcase classname="com.invicta.qa.testcases.sbu.Plantwisepagination" name="AfterMovetoSecPagepreButEnable" time="5.004"/>
</testsuite> <!-- com.invicta.qa.testcases.sbu.Plantwisepagination -->
