<?xml version="1.0" encoding="UTF-8"?>
<!-- Generated by org.testng.reporters.JUnitReportReporter -->
<testsuite hostname="DESKTOP-FBNAVJ9" failures="0" tests="1" name="com.invicta.qa.testcases.sbu.RelevantTestsEdited" time="28.453" errors="0" timestamp="23 Feb 2023 09:23:48 GMT" skipped="0">
  <testcase classname="com.invicta.qa.testcases.sbu.RelevantTestsEdited" name="clickeditplant" time="28.453"/>
</testsuite> <!-- com.invicta.qa.testcases.sbu.RelevantTestsEdited -->
